{
  "uuid": "77f8da7a-5c8a-4cea-959e-4a675a01d173",
  "historyId": "d85c9175a883fd9f71753f94e2ea1700",
  "fullName": "SteeringCompanyPortal.AddNewCreationalPeriod.TestAddNewCreationalPeriod",
  "labels": [
    {
      "name": "package",
      "value": "SteeringCompanyPortal.AddNewCreationalPeriod"
    },
    {
      "name": "testClass",
      "value": "SteeringCompanyPortal.AddNewCreationalPeriod"
    },
    {
      "name": "testMethod",
      "value": "TestAddNewCreationalPeriod"
    },
    {
      "name": "parentSuite",
      "value": "Suite"
    },
    {
      "name": "suite",
      "value": "TASystemsAPIs_Latest1"
    },
    {
      "name": "subSuite",
      "value": "SteeringCompanyPortal.AddNewCreationalPeriod"
    },
    {
      "name": "host",
      "value": "TW-1056"
    },
    {
      "name": "thread",
      "value": "3640@TW-1056.main(1)"
    },
    {
      "name": "framework",
      "value": "testng"
    },
    {
      "name": "language",
      "value": "java"
    }
  ],
  "links": [],
  "name": "TestAddNewCreationalPeriod",
  "status": "failed",
  "statusDetails": {
    "known": false,
    "muted": false,
    "flaky": false,
    "message": "Failed to Type into \"By.id: minVehiclePrice\". Root cause: \"org.openqa.selenium.NoSuchWindowException: no such window: target window already closed\"",
    "trace": "java.lang.AssertionError: Failed to Type into \"By.id: minVehiclePrice\". Root cause: \"org.openqa.selenium.NoSuchWindowException: no such window: target window already closed\"\r\n\tat org.testng.Assert.fail(Assert.java:99)\r\n\tat com.shaft.gui.element.internal.ElementActionsHelper.failAction(ElementActionsHelper.java:956)\r\n\tat com.shaft.gui.element.internal.ElementActionsHelper.failAction(ElementActionsHelper.java:887)\r\n\tat com.shaft.gui.element.internal.FluentElementActions.type(FluentElementActions.java:852)\r\n\tat SteeringCompanyPortal.AddNewCreationalPeriod.AddSteeringOperationalPeriodProgramSetting(AddNewCreationalPeriod.java:183)\r\n\tat SteeringCompanyPortal.AddNewCreationalPeriod.TestAddNewCreationalPeriod(AddNewCreationalPeriod.java:261)\r\n\tat java.base/jdk.internal.reflect.NativeMethodAccessorImpl.invoke0(Native Method)\r\n\tat java.base/jdk.internal.reflect.NativeMethodAccessorImpl.invoke(NativeMethodAccessorImpl.java:77)\r\n\tat java.base/jdk.internal.reflect.DelegatingMethodAccessorImpl.invoke(DelegatingMethodAccessorImpl.java:43)\r\n\tat java.base/java.lang.reflect.Method.invoke(Method.java:568)\r\n\tat org.testng.internal.invokers.MethodInvocationHelper.invokeMethod(MethodInvocationHelper.java:139)\r\n\tat org.testng.internal.invokers.TestInvoker.invokeMethod(TestInvoker.java:664)\r\n\tat org.testng.internal.invokers.TestInvoker.invokeTestMethod(TestInvoker.java:227)\r\n\tat org.testng.internal.invokers.MethodRunner.runInSequence(MethodRunner.java:50)\r\n\tat org.testng.internal.invokers.TestInvoker$MethodInvocationAgent.invoke(TestInvoker.java:957)\r\n\tat org.testng.internal.invokers.TestInvoker.invokeTestMethods(TestInvoker.java:200)\r\n\tat org.testng.internal.invokers.TestMethodWorker.invokeTestMethods(TestMethodWorker.java:148)\r\n\tat org.testng.internal.invokers.TestMethodWorker.run(TestMethodWorker.java:128)\r\n\tat java.base/java.util.ArrayList.forEach(ArrayList.java:1511)\r\n\tat org.testng.TestRunner.privateRun(TestRunner.java:848)\r\n\tat org.testng.TestRunner.run(TestRunner.java:621)\r\n\tat org.testng.SuiteRunner.runTest(SuiteRunner.java:443)\r\n\tat org.testng.SuiteRunner.runSequentially(SuiteRunner.java:437)\r\n\tat org.testng.SuiteRunner.privateRun(SuiteRunner.java:397)\r\n\tat org.testng.SuiteRunner.run(SuiteRunner.java:336)\r\n\tat org.testng.SuiteRunnerWorker.runSuite(SuiteRunnerWorker.java:52)\r\n\tat org.testng.SuiteRunnerWorker.run(SuiteRunnerWorker.java:95)\r\n\tat org.testng.TestNG.runSuitesSequentially(TestNG.java:1280)\r\n\tat org.testng.TestNG.runSuitesLocally(TestNG.java:1200)\r\n\tat org.testng.TestNG.runSuites(TestNG.java:1114)\r\n\tat org.testng.TestNG.run(TestNG.java:1082)\r\n\tat com.intellij.rt.testng.IDEARemoteTestNG.run(IDEARemoteTestNG.java:66)\r\n\tat com.intellij.rt.testng.RemoteTestNGStarter.main(RemoteTestNGStarter.java:105)\r\nCaused by: org.openqa.selenium.NoSuchWindowException: no such window: target window already closed\nfrom unknown error: web view not found\n  (Session info: chrome=114.0.5735.134)\nBuild info: version: '4.9.0', revision: 'd7057100a6'\nSystem info: os.name: 'Windows 11', os.arch: 'amd64', os.version: '10.0', java.version: '17.0.6'\nDriver info: org.openqa.selenium.chrome.ChromeDriver\nCommand: [d40cfb464b2eac48e39f32bab1756b73, getElementAttribute {id=84F4A634DA69C0850B06682CA9CF7FA5_element_331, name=outerHTML}]\nCapabilities {acceptInsecureCerts: true, browserName: chrome, browserVersion: 114.0.5735.134, chrome: {chromedriverVersion: 114.0.5735.90 (386bc09e8f4f..., userDataDir: C:\\Users\\HESHAM~1\\AppData\\L...}, goog:chromeOptions: {debuggerAddress: localhost:54657}, networkConnectionEnabled: false, pageLoadStrategy: none, platformName: WINDOWS, proxy: Proxy(), se:cdp: ws://localhost:54657/devtoo..., se:cdpVersion: 114.0.5735.134, setWindowRect: true, strictFileInteractability: false, timeouts: {implicit: 0, pageLoad: 30000, script: 30000}, unhandledPromptBehavior: accept and notify, webauthn:extension:credBlob: true, webauthn:extension:largeBlob: true, webauthn:extension:minPinLength: true, webauthn:extension:prf: true, webauthn:virtualAuthenticators: true}\nElement: [[ChromeDriver: chrome on WINDOWS (d40cfb464b2eac48e39f32bab1756b73)] -> id: minVehiclePrice]\nSession ID: d40cfb464b2eac48e39f32bab1756b73\r\n\tat java.base/jdk.internal.reflect.NativeConstructorAccessorImpl.newInstance0(Native Method)\r\n\tat java.base/jdk.internal.reflect.NativeConstructorAccessorImpl.newInstance(NativeConstructorAccessorImpl.java:77)\r\n\tat java.base/jdk.internal.reflect.DelegatingConstructorAccessorImpl.newInstance(DelegatingConstructorAccessorImpl.java:45)\r\n\tat java.base/java.lang.reflect.Constructor.newInstanceWithCaller(Constructor.java:499)\r\n\tat java.base/java.lang.reflect.Constructor.newInstance(Constructor.java:480)\r\n\tat org.openqa.selenium.remote.codec.w3c.W3CHttpResponseCodec.createException(W3CHttpResponseCodec.java:200)\r\n\tat org.openqa.selenium.remote.codec.w3c.W3CHttpResponseCodec.decode(W3CHttpResponseCodec.java:133)\r\n\tat org.openqa.selenium.remote.codec.w3c.W3CHttpResponseCodec.decode(W3CHttpResponseCodec.java:53)\r\n\tat org.openqa.selenium.remote.HttpCommandExecutor.execute(HttpCommandExecutor.java:193)\r\n\tat org.openqa.selenium.remote.service.DriverCommandExecutor.invokeExecute(DriverCommandExecutor.java:183)\r\n\tat org.openqa.selenium.remote.service.DriverCommandExecutor.execute(DriverCommandExecutor.java:158)\r\n\tat org.openqa.selenium.remote.RemoteWebDriver.execute(RemoteWebDriver.java:543)\r\n\tat org.openqa.selenium.remote.RemoteWebElement.execute(RemoteWebElement.java:257)\r\n\tat org.openqa.selenium.remote.RemoteWebElement.getAttribute(RemoteWebElement.java:158)\r\n\tat com.shaft.gui.element.internal.ElementActionsHelper.lambda$waitForElementPresence$0(ElementActionsHelper.java:203)\r\n\tat org.openqa.selenium.support.ui.FluentWait.until(FluentWait.java:208)\r\n\tat com.shaft.gui.element.internal.ElementActionsHelper.waitForElementPresence(ElementActionsHelper.java:158)\r\n\tat com.shaft.gui.element.internal.ElementActionsHelper.getMatchingElementsInformation(ElementActionsHelper.java:826)\r\n\tat com.shaft.gui.element.internal.ElementActionsHelper.identifyUniqueElement(ElementActionsHelper.java:789)\r\n\tat com.shaft.gui.element.internal.ElementActionsHelper.identifyUniqueElementIgnoringVisibility(ElementActionsHelper.java:784)\r\n\tat com.shaft.gui.element.internal.ElementActionsHelper.confirmTypingWasSuccessful(ElementActionsHelper.java:642)\r\n\tat com.shaft.gui.element.internal.ElementActionsHelper.typeWrapper(ElementActionsHelper.java:743)\r\n\tat com.shaft.gui.element.internal.FluentElementActions.type(FluentElementActions.java:842)\r\n\t... 29 more\r\n"
  },
  "stage": "finished",
  "steps": [
    {
      "name": "Navigate to url \"https://portal-demo.np.transporticonline.com/Naqaba/index.xhtml\".",
      "status": "passed",
      "stage": "finished",
      "steps": [],
      "attachments": [],
      "parameters": [],
      "start": 1687073934896,
      "stop": 1687073934896
    },
    {
      "name": "Click \"تسجيل الدخول\".",
      "status": "passed",
      "stage": "finished",
      "steps": [],
      "attachments": [],
      "parameters": [],
      "start": 1687073935672,
      "stop": 1687073935672
    },
    {
      "name": "Wait to be ready \"Waited for the element's state of visibility to be (true). Element locator (By.id: loginForm:j_username)\" against \"By.id: loginForm:j_username\".",
      "status": "passed",
      "stage": "finished",
      "steps": [],
      "attachments": [],
      "parameters": [],
      "start": 1687073937541,
      "stop": 1687073937541
    },
    {
      "name": "Type \"1199900000\" into \"By.id: loginForm:j_username\".",
      "status": "passed",
      "stage": "finished",
      "steps": [],
      "attachments": [],
      "parameters": [],
      "start": 1687073938326,
      "stop": 1687073938326
    },
    {
      "name": "Wait to be ready \"Waited for the element's state of visibility to be (true). Element locator (By.id: loginForm:j_password)\" against \"By.id: loginForm:j_password\".",
      "status": "passed",
      "stage": "finished",
      "steps": [],
      "attachments": [],
      "parameters": [],
      "start": 1687073938767,
      "stop": 1687073938767
    },
    {
      "name": "Type \"123\" into \"By.id: loginForm:j_password\".",
      "status": "passed",
      "stage": "finished",
      "steps": [],
      "attachments": [],
      "parameters": [],
      "start": 1687073939438,
      "stop": 1687073939438
    },
    {
      "name": "Wait to be ready \"Waited for the element's state of visibility to be (true). Element locator (By.xpath: //div[@id='loginForm:rememberme']/div[2]/span)\" against \"By.xpath: //div[@id='loginForm:rememberme']/div[2]/span\".",
      "status": "passed",
      "stage": "finished",
      "steps": [],
      "attachments": [],
      "parameters": [],
      "start": 1687073939842,
      "stop": 1687073939842
    },
    {
      "name": "Click \"By.xpath: //div[@id='loginForm:rememberme']/div[2]/span\".",
      "status": "passed",
      "stage": "finished",
      "steps": [],
      "attachments": [],
      "parameters": [],
      "start": 1687073940405,
      "stop": 1687073940405
    },
    {
      "name": "Wait to be ready \"Waited for the element's state of visibility to be (true). Element locator (By.xpath: //*[@id='loginForm']//button[1])\" against \"دخول\".",
      "status": "passed",
      "stage": "finished",
      "steps": [],
      "attachments": [],
      "parameters": [],
      "start": 1687073940908,
      "stop": 1687073940908
    },
    {
      "name": "Click \"دخول\".",
      "status": "passed",
      "stage": "finished",
      "steps": [],
      "attachments": [],
      "parameters": [],
      "start": 1687073941440,
      "stop": 1687073941440
    },
    {
      "name": "Wait to be ready \"Waited for the element's state of visibility to be (true). Element locator (By.xpath: //div[@id='loginForm:auth-panel']//input)\" against \"By.xpath: //div[@id='loginForm:auth-panel']//input\".",
      "status": "passed",
      "stage": "finished",
      "steps": [],
      "attachments": [],
      "parameters": [],
      "start": 1687073942338,
      "stop": 1687073942338
    },
    {
      "name": "Type \"1\" into \"By.xpath: //div[@id='loginForm:auth-panel']//input\".",
      "status": "passed",
      "stage": "finished",
      "steps": [],
      "attachments": [],
      "parameters": [],
      "start": 1687073942982,
      "stop": 1687073942982
    },
    {
      "name": "Wait to be ready \"Waited for the element's state of visibility to be (true). Element locator (By.xpath: //*[@id='loginForm']//button[1])\" against \"دخول\".",
      "status": "passed",
      "stage": "finished",
      "steps": [],
      "attachments": [],
      "parameters": [],
      "start": 1687073943420,
      "stop": 1687073943420
    },
    {
      "name": "Click \"دخول\".",
      "status": "passed",
      "stage": "finished",
      "steps": [],
      "attachments": [],
      "parameters": [],
      "start": 1687073944063,
      "stop": 1687073944063
    },
    {
      "name": "Click and hold \"By.xpath: //body/div[1]/div[1]/div[1]\".",
      "status": "passed",
      "stage": "finished",
      "steps": [],
      "attachments": [],
      "parameters": [],
      "start": 1687073945580,
      "stop": 1687073945580
    },
    {
      "name": "Click \"Toggle Menu\".",
      "status": "passed",
      "stage": "finished",
      "steps": [],
      "attachments": [],
      "parameters": [],
      "start": 1687073946263,
      "stop": 1687073946263
    },
    {
      "name": "Click \"By.xpath: //*[@class='layout-menu']/li[5]/a/span[1]\".",
      "status": "passed",
      "stage": "finished",
      "steps": [],
      "attachments": [],
      "parameters": [],
      "start": 1687073946929,
      "stop": 1687073946929
    },
    {
      "name": "Scroll to element \"By.xpath: //*[@class='layout-menu']/li[5]/ul[@role='menu']/li[1]/a/span[1]\".",
      "status": "passed",
      "stage": "finished",
      "steps": [],
      "attachments": [],
      "parameters": [],
      "start": 1687073947572,
      "stop": 1687073947572
    },
    {
      "name": "Click \"By.xpath: //*[@class='layout-menu']/li[5]/ul[@role='menu']/li[1]/a/span[1]\".",
      "status": "passed",
      "stage": "finished",
      "steps": [],
      "attachments": [],
      "parameters": [],
      "start": 1687073948195,
      "stop": 1687073948195
    },
    {
      "name": "Scroll to element \"By.xpath: //ul/li[5]/ul/li[1]/ul/li[8]//span[1]\".",
      "status": "passed",
      "stage": "finished",
      "steps": [],
      "attachments": [],
      "parameters": [],
      "start": 1687073948705,
      "stop": 1687073948705
    },
    {
      "name": "Click \"By.xpath: //ul/li[5]/ul/li[1]/ul/li[8]//span[1]\".",
      "status": "passed",
      "stage": "finished",
      "steps": [],
      "attachments": [],
      "parameters": [],
      "start": 1687073949139,
      "stop": 1687073949139
    },
    {
      "name": "Click \"By.xpath: //*[@id='primetable_data']/tr[last()]/td[last()]//span[2]\".",
      "status": "passed",
      "stage": "finished",
      "steps": [],
      "attachments": [],
      "parameters": [],
      "start": 1687073950137,
      "stop": 1687073950137
    },
    {
      "name": "Wait to be ready \"Waited for the element's state of visibility to be (true). Element locator (By.xpath: //div[20]/ul/li[2]/a/span)\" against \"By.xpath: //div[20]/ul/li[2]/a/span\".",
      "status": "passed",
      "stage": "finished",
      "steps": [],
      "attachments": [],
      "parameters": [],
      "start": 1687073950583,
      "stop": 1687073950583
    },
    {
      "name": "Click \"By.xpath: //div[20]/ul/li[2]/a/span\".",
      "status": "passed",
      "stage": "finished",
      "steps": [],
      "attachments": [],
      "parameters": [],
      "start": 1687073951165,
      "stop": 1687073951165
    },
    {
      "name": "Scroll to element \"14/11/1444\".",
      "status": "passed",
      "stage": "finished",
      "steps": [],
      "attachments": [],
      "parameters": [],
      "start": 1687073952964,
      "stop": 1687073952964
    },
    {
      "name": "Get text \"14/11/1444\" from \"14/11/1444\".",
      "status": "passed",
      "stage": "finished",
      "steps": [],
      "attachments": [],
      "parameters": [],
      "start": 1687073953305,
      "stop": 1687073953305
    },
    {
      "name": "Wait to be ready \"Waited for the element's state of visibility to be (true). Element locator (By.xpath: //tr/th[last()]//button)\" against \" اضافة فترة زمنية\".",
      "status": "passed",
      "stage": "finished",
      "steps": [],
      "attachments": [],
      "parameters": [],
      "start": 1687073953683,
      "stop": 1687073953683
    },
    {
      "name": "Click \" اضافة فترة زمنية\".",
      "status": "passed",
      "stage": "finished",
      "steps": [],
      "attachments": [],
      "parameters": [],
      "start": 1687073955331,
      "stop": 1687073955331
    },
    {
      "name": "Type \"فترة تشغيل جديدة\" into \"إسم الفترة\".",
      "status": "passed",
      "stage": "finished",
      "steps": [],
      "attachments": [],
      "parameters": [],
      "start": 1687073957313,
      "stop": 1687073957313
    },
    {
      "name": "Click \"تاريخ بداية الفترة الزمنية للبرامج *\".",
      "status": "passed",
      "stage": "finished",
      "steps": [],
      "attachments": [],
      "parameters": [],
      "start": 1687073957926,
      "stop": 1687073957926
    },
    {
      "name": "Click \"عرض شهر آخر\".",
      "status": "passed",
      "stage": "finished",
      "steps": [],
      "attachments": [],
      "parameters": [],
      "start": 1687073958596,
      "stop": 1687073958596
    },
    {
      "name": "Select \"12/1444\" from \"عرض شهر آخر\".",
      "status": "passed",
      "stage": "finished",
      "steps": [],
      "attachments": [],
      "parameters": [],
      "start": 1687073959494,
      "stop": 1687073959494
    },
    {
      "name": "Click \"1\".",
      "status": "passed",
      "stage": "finished",
      "steps": [],
      "attachments": [],
      "parameters": [],
      "start": 1687073960155,
      "stop": 1687073960155
    },
    {
      "name": "Click \"تاريخ نهاية الفترة الزمنية للبرامج *\".",
      "status": "passed",
      "stage": "finished",
      "steps": [],
      "attachments": [],
      "parameters": [],
      "start": 1687073960807,
      "stop": 1687073960807
    },
    {
      "name": "Click \"عرض شهر آخر\".",
      "status": "passed",
      "stage": "finished",
      "steps": [],
      "attachments": [],
      "parameters": [],
      "start": 1687073961420,
      "stop": 1687073961420
    },
    {
      "name": "Select \"12/1444\" from \"عرض شهر آخر\".",
      "status": "passed",
      "stage": "finished",
      "steps": [],
      "attachments": [],
      "parameters": [],
      "start": 1687073962188,
      "stop": 1687073962188
    },
    {
      "name": "Click \"2\".",
      "status": "passed",
      "stage": "finished",
      "steps": [],
      "attachments": [],
      "parameters": [],
      "start": 1687073962845,
      "stop": 1687073962845
    },
    {
      "name": "Type \"10\" into \"القيمة*\".",
      "status": "passed",
      "stage": "finished",
      "steps": [],
      "attachments": [],
      "parameters": [],
      "start": 1687073963518,
      "stop": 1687073963518
    },
    {
      "name": "Click \"اضافة خصائص للفترة\".",
      "status": "passed",
      "stage": "finished",
      "steps": [],
      "attachments": [],
      "parameters": [],
      "start": 1687073964099,
      "stop": 1687073964099
    },
    {
      "name": "Click \"By.id: rmmId_label\".",
      "status": "passed",
      "stage": "finished",
      "steps": [],
      "attachments": [],
      "parameters": [],
      "start": 1687073964804,
      "stop": 1687073964804
    },
    {
      "name": "Click \"جدة - مكة - مدينة - مطار المدينة مع الحجر المؤسسي\".",
      "status": "passed",
      "stage": "finished",
      "steps": [],
      "attachments": [],
      "parameters": [],
      "start": 1687073965446,
      "stop": 1687073965446
    },
    {
      "name": "Click \"By.id: busType_label\".",
      "status": "passed",
      "stage": "finished",
      "steps": [],
      "attachments": [],
      "parameters": [],
      "start": 1687073965975,
      "stop": 1687073965975
    },
    {
      "name": "Click \"فان\".",
      "status": "passed",
      "stage": "finished",
      "steps": [],
      "attachments": [],
      "parameters": [],
      "start": 1687073966568,
      "stop": 1687073966568
    },
    {
      "name": "Scroll to element \"الحد الادنى لسعر المركبة*\".",
      "status": "passed",
      "stage": "finished",
      "steps": [],
      "attachments": [],
      "parameters": [],
      "start": 1687073966985,
      "stop": 1687073966985
    },
    {
      "name": "Click \"By.xpath: //*[@id='category']/div[1]/div[1]/div/div[2]\".",
      "status": "passed",
      "stage": "finished",
      "steps": [],
      "attachments": [],
      "parameters": [],
      "start": 1687073967491,
      "stop": 1687073967491
    },
    {
      "name": "Click \"By.xpath: //*[@id='category']/div[1]/div[2]/div/div[2]\".",
      "status": "passed",
      "stage": "finished",
      "steps": [],
      "attachments": [],
      "parameters": [],
      "start": 1687073968064,
      "stop": 1687073968064
    },
    {
      "name": "Click \"By.xpath: //*[@id='category']/div[2]/div/div/div[2]\".",
      "status": "passed",
      "stage": "finished",
      "steps": [],
      "attachments": [],
      "parameters": [],
      "start": 1687073968629,
      "stop": 1687073968629
    },
    {
      "name": "Scroll to element \"الحد الادنى لسعر المركبة*\".",
      "status": "passed",
      "stage": "finished",
      "steps": [],
      "attachments": [],
      "parameters": [],
      "start": 1687073969043,
      "stop": 1687073969043
    },
    {
      "name": "Type \"9\" into \"اقل عدد مقاعد*\".",
      "status": "passed",
      "stage": "finished",
      "steps": [],
      "attachments": [],
      "parameters": [],
      "start": 1687073969584,
      "stop": 1687073969584
    },
    {
      "name": "Type \"11\" into \"اكبر عدد مقاعد*\".",
      "status": "passed",
      "stage": "finished",
      "steps": [],
      "attachments": [],
      "parameters": [],
      "start": 1687073970180,
      "stop": 1687073970180
    },
    {
      "name": "Failed to Type into \"By.id: minVehiclePrice\". Root cause: \"org.openqa.selenium.NoSuchWindowException: no such window: target window already closed\"",
      "status": "passed",
      "statusDetails": {
        "known": false,
        "muted": false,
        "flaky": false,
        "trace": "org.openqa.selenium.NoSuchWindowException: no such window: target window already closed\nfrom unknown error: web view not found\n  (Session info: chrome=114.0.5735.134)\nBuild info: version: '4.9.0', revision: 'd7057100a6'\nSystem info: os.name: 'Windows 11', os.arch: 'amd64', os.version: '10.0', java.version: '17.0.6'\nDriver info: org.openqa.selenium.chrome.ChromeDriver\nCommand: [d40cfb464b2eac48e39f32bab1756b73, getElementAttribute {id=84F4A634DA69C0850B06682CA9CF7FA5_element_331, name=outerHTML}]\nCapabilities {acceptInsecureCerts: true, browserName: chrome, browserVersion: 114.0.5735.134, chrome: {chromedriverVersion: 114.0.5735.90 (386bc09e8f4f..., userDataDir: C:\\Users\\HESHAM~1\\AppData\\L...}, goog:chromeOptions: {debuggerAddress: localhost:54657}, networkConnectionEnabled: false, pageLoadStrategy: none, platformName: WINDOWS, proxy: Proxy(), se:cdp: ws://localhost:54657/devtoo..., se:cdpVersion: 114.0.5735.134, setWindowRect: true, strictFileInteractability: false, timeouts: {implicit: 0, pageLoad: 30000, script: 30000}, unhandledPromptBehavior: accept and notify, webauthn:extension:credBlob: true, webauthn:extension:largeBlob: true, webauthn:extension:minPinLength: true, webauthn:extension:prf: true, webauthn:virtualAuthenticators: true}\nElement: [[ChromeDriver: chrome on WINDOWS (d40cfb464b2eac48e39f32bab1756b73)] -> id: minVehiclePrice]\nSession ID: d40cfb464b2eac48e39f32bab1756b73\r\n java.base/jdk.internal.reflect.NativeConstructorAccessorImpl.newInstance0(Native Method)\r\n java.base/jdk.internal.reflect.NativeConstructorAccessorImpl.newInstance(NativeConstructorAccessorImpl.java:77)\r\n java.base/jdk.internal.reflect.DelegatingConstructorAccessorImpl.newInstance(DelegatingConstructorAccessorImpl.java:45)\r\n java.base/java.lang.reflect.Constructor.newInstanceWithCaller(Constructor.java:499)\r\n java.base/java.lang.reflect.Constructor.newInstance(Constructor.java:480)\r\n org.openqa.selenium.remote.codec.w3c.W3CHttpResponseCodec.createException(W3CHttpResponseCodec.java:200)\r\n org.openqa.selenium.remote.codec.w3c.W3CHttpResponseCodec.decode(W3CHttpResponseCodec.java:133)\r\n org.openqa.selenium.remote.codec.w3c.W3CHttpResponseCodec.decode(W3CHttpResponseCodec.java:53)\r\n org.openqa.selenium.remote.HttpCommandExecutor.execute(HttpCommandExecutor.java:193)\r\n org.openqa.selenium.remote.service.DriverCommandExecutor.invokeExecute(DriverCommandExecutor.java:183)\r\n org.openqa.selenium.remote.service.DriverCommandExecutor.execute(DriverCommandExecutor.java:158)\r\n org.openqa.selenium.remote.RemoteWebDriver.execute(RemoteWebDriver.java:543)\r\n org.openqa.selenium.remote.RemoteWebElement.execute(RemoteWebElement.java:257)\r\n org.openqa.selenium.remote.RemoteWebElement.getAttribute(RemoteWebElement.java:158)\r\n com.shaft.gui.element.internal.ElementActionsHelper.lambda$waitForElementPresence$0(ElementActionsHelper.java:203)\r\n org.openqa.selenium.support.ui.FluentWait.until(FluentWait.java:208)\r\n com.shaft.gui.element.internal.ElementActionsHelper.waitForElementPresence(ElementActionsHelper.java:158)\r\n com.shaft.gui.element.internal.ElementActionsHelper.getMatchingElementsInformation(ElementActionsHelper.java:826)\r\n com.shaft.gui.element.internal.ElementActionsHelper.identifyUniqueElement(ElementActionsHelper.java:789)\r\n com.shaft.gui.element.internal.ElementActionsHelper.identifyUniqueElementIgnoringVisibility(ElementActionsHelper.java:784)\r\n com.shaft.gui.element.internal.ElementActionsHelper.confirmTypingWasSuccessful(ElementActionsHelper.java:642)\r\n com.shaft.gui.element.internal.ElementActionsHelper.typeWrapper(ElementActionsHelper.java:743)\r\n com.shaft.gui.element.internal.FluentElementActions.type(FluentElementActions.java:842)\r\n SteeringCompanyPortal.AddNewCreationalPeriod.AddSteeringOperationalPeriodProgramSetting(AddNewCreationalPeriod.java:183)\r\n SteeringCompanyPortal.AddNewCreationalPeriod.TestAddNewCreationalPeriod(AddNewCreationalPeriod.java:261)\r\n java.base/jdk.internal.reflect.NativeMethodAccessorImpl.invoke0(Native Method)\r\n java.base/jdk.internal.reflect.NativeMethodAccessorImpl.invoke(NativeMethodAccessorImpl.java:77)\r\n java.base/jdk.internal.reflect.DelegatingMethodAccessorImpl.invoke(DelegatingMethodAccessorImpl.java:43)\r\n java.base/java.lang.reflect.Method.invoke(Method.java:568)\r\n org.testng.internal.invokers.MethodInvocationHelper.invokeMethod(MethodInvocationHelper.java:139)\r\n org.testng.internal.invokers.TestInvoker.invokeMethod(TestInvoker.java:664)\r\n org.testng.internal.invokers.TestInvoker.invokeTestMethod(TestInvoker.java:227)\r\n org.testng.internal.invokers.MethodRunner.runInSequence(MethodRunner.java:50)\r\n org.testng.internal.invokers.TestInvoker$MethodInvocationAgent.invoke(TestInvoker.java:957)\r\n org.testng.internal.invokers.TestInvoker.invokeTestMethods(TestInvoker.java:200)\r\n org.testng.internal.invokers.TestMethodWorker.invokeTestMethods(TestMethodWorker.java:148)\r\n org.testng.internal.invokers.TestMethodWorker.run(TestMethodWorker.java:128)\r\n java.base/java.util.ArrayList.forEach(ArrayList.java:1511)\r\n org.testng.TestRunner.privateRun(TestRunner.java:848)\r\n org.testng.TestRunner.run(TestRunner.java:621)\r\n org.testng.SuiteRunner.runTest(SuiteRunner.java:443)\r\n org.testng.SuiteRunner.runSequentially(SuiteRunner.java:437)\r\n org.testng.SuiteRunner.privateRun(SuiteRunner.java:397)\r\n org.testng.SuiteRunner.run(SuiteRunner.java:336)\r\n org.testng.SuiteRunnerWorker.runSuite(SuiteRunnerWorker.java:52)\r\n org.testng.SuiteRunnerWorker.run(SuiteRunnerWorker.java:95)\r\n org.testng.TestNG.runSuitesSequentially(TestNG.java:1280)\r\n org.testng.TestNG.runSuitesLocally(TestNG.java:1200)\r\n org.testng.TestNG.runSuites(TestNG.java:1114)\r\n org.testng.TestNG.run(TestNG.java:1082)\r\n com.intellij.rt.testng.IDEARemoteTestNG.run(IDEARemoteTestNG.java:66)\r\n com.intellij.rt.testng.RemoteTestNGStarter.main(RemoteTestNGStarter.java:105)"
      },
      "stage": "finished",
      "steps": [],
      "attachments": [
        {
          "name": "Element Action Exception - Type - Stacktrace",
          "source": "15b1af4a-c34c-4e08-be76-ee82b63ee8ed-attachment"
        }
      ],
      "parameters": [
        {
          "name": "logText",
          "value": "Failed to Type into \"By.id: minVehiclePrice\". Root cause: \"org.openqa.selenium.NoSuchWindowException: no such window: target window already closed\""
        },
        {
          "name": "attachments",
          "value": "[[Element Action Exception - Type, Stacktrace, org.openqa.selenium.NoSuchWindowException: no such window: target window already closed\nfrom unknown error: web view not found\n  (Session info: chrome=114.0.5735.134)\nBuild info: version: '4.9.0', revision: 'd7057100a6'\nSystem info: os.name: 'Windows 11', os.arch: 'amd64', os.version: '10.0', java.version: '17.0.6'\nDriver info: org.openqa.selenium.chrome.ChromeDriver\nCommand: [d40cfb464b2eac48e39f32bab1756b73, getElementAttribute {id=84F4A634DA69C0850B06682CA9CF7FA5_element_331, name=outerHTML}]\nCapabilities {acceptInsecureCerts: true, browserName: chrome, browserVersion: 114.0.5735.134, chrome: {chromedriverVersion: 114.0.5735.90 (386bc09e8f4f..., userDataDir: C:\\Users\\HESHAM~1\\AppData\\L...}, goog:chromeOptions: {debuggerAddress: localhost:54657}, networkConnectionEnabled: false, pageLoadStrategy: none, platformName: WINDOWS, proxy: Proxy(), se:cdp: ws://localhost:54657/devtoo..., se:cdpVersion: 114.0.5735.134, setWindowRect: true, strictFileInteractability: false, timeouts: {implicit: 0, pageLoad: 30000, script: 30000}, unhandledPromptBehavior: accept and notify, webauthn:extension:credBlob: true, webauthn:extension:largeBlob: true, webauthn:extension:minPinLength: true, webauthn:extension:prf: true, webauthn:virtualAuthenticators: true}\nElement: [[ChromeDriver: chrome on WINDOWS (d40cfb464b2eac48e39f32bab1756b73)] -> id: minVehiclePrice]\nSession ID: d40cfb464b2eac48e39f32bab1756b73\r\n java.base/jdk.internal.reflect.NativeConstructorAccessorImpl.newInstance0(Native Method)\r\n java.base/jdk.internal.reflect.NativeConstructorAccessorImpl.newInstance(NativeConstructorAccessorImpl.java:77)\r\n java.base/jdk.internal.reflect.DelegatingConstructorAccessorImpl.newInstance(DelegatingConstructorAccessorImpl.java:45)\r\n java.base/java.lang.reflect.Constructor.newInstanceWithCaller(Constructor.java:499)\r\n java.base/java.lang.reflect.Constructor.newInstance(Constructor.java:480)\r\n org.openqa.selenium.remote.codec.w3c.W3CHttpResponseCodec.createException(W3CHttpResponseCodec.java:200)\r\n org.openqa.selenium.remote.codec.w3c.W3CHttpResponseCodec.decode(W3CHttpResponseCodec.java:133)\r\n org.openqa.selenium.remote.codec.w3c.W3CHttpResponseCodec.decode(W3CHttpResponseCodec.java:53)\r\n org.openqa.selenium.remote.HttpCommandExecutor.execute(HttpCommandExecutor.java:193)\r\n org.openqa.selenium.remote.service.DriverCommandExecutor.invokeExecute(DriverCommandExecutor.java:183)\r\n org.openqa.selenium.remote.service.DriverCommandExecutor.execute(DriverCommandExecutor.java:158)\r\n org.openqa.selenium.remote.RemoteWebDriver.execute(RemoteWebDriver.java:543)\r\n org.openqa.selenium.remote.RemoteWebElement.execute(RemoteWebElement.java:257)\r\n org.openqa.selenium.remote.RemoteWebElement.getAttribute(RemoteWebElement.java:158)\r\n com.shaft.gui.element.internal.ElementActionsHelper.lambda$waitForElementPresence$0(ElementActionsHelper.java:203)\r\n org.openqa.selenium.support.ui.FluentWait.until(FluentWait.java:208)\r\n com.shaft.gui.element.internal.ElementActionsHelper.waitForElementPresence(ElementActionsHelper.java:158)\r\n com.shaft.gui.element.internal.ElementActionsHelper.getMatchingElementsInformation(ElementActionsHelper.java:826)\r\n com.shaft.gui.element.internal.ElementActionsHelper.identifyUniqueElement(ElementActionsHelper.java:789)\r\n com.shaft.gui.element.internal.ElementActionsHelper.identifyUniqueElementIgnoringVisibility(ElementActionsHelper.java:784)\r\n com.shaft.gui.element.internal.ElementActionsHelper.confirmTypingWasSuccessful(ElementActionsHelper.java:642)\r\n com.shaft.gui.element.internal.ElementActionsHelper.typeWrapper(ElementActionsHelper.java:743)\r\n com.shaft.gui.element.internal.FluentElementActions.type(FluentElementActions.java:842)\r\n SteeringCompanyPortal.AddNewCreationalPeriod.AddSteeringOperationalPeriodProgramSetting(AddNewCreationalPeriod.java:183)\r\n SteeringCompanyPortal.AddNewCreationalPeriod.TestAddNewCreationalPeriod(AddNewCreationalPeriod.java:261)\r\n java.base/jdk.internal.reflect.NativeMethodAccessorImpl.invoke0(Native Method)\r\n java.base/jdk.internal.reflect.NativeMethodAccessorImpl.invoke(NativeMethodAccessorImpl.java:77)\r\n java.base/jdk.internal.reflect.DelegatingMethodAccessorImpl.invoke(DelegatingMethodAccessorImpl.java:43)\r\n java.base/java.lang.reflect.Method.invoke(Method.java:568)\r\n org.testng.internal.invokers.MethodInvocationHelper.invokeMethod(MethodInvocationHelper.java:139)\r\n org.testng.internal.invokers.TestInvoker.invokeMethod(TestInvoker.java:664)\r\n org.testng.internal.invokers.TestInvoker.invokeTestMethod(TestInvoker.java:227)\r\n org.testng.internal.invokers.MethodRunner.runInSequence(MethodRunner.java:50)\r\n org.testng.internal.invokers.TestInvoker$MethodInvocationAgent.invoke(TestInvoker.java:957)\r\n org.testng.internal.invokers.TestInvoker.invokeTestMethods(TestInvoker.java:200)\r\n org.testng.internal.invokers.TestMethodWorker.invokeTestMethods(TestMethodWorker.java:148)\r\n org.testng.internal.invokers.TestMethodWorker.run(TestMethodWorker.java:128)\r\n java.base/java.util.ArrayList.forEach(ArrayList.java:1511)\r\n org.testng.TestRunner.privateRun(TestRunner.java:848)\r\n org.testng.TestRunner.run(TestRunner.java:621)\r\n org.testng.SuiteRunner.runTest(SuiteRunner.java:443)\r\n org.testng.SuiteRunner.runSequentially(SuiteRunner.java:437)\r\n org.testng.SuiteRunner.privateRun(SuiteRunner.java:397)\r\n org.testng.SuiteRunner.run(SuiteRunner.java:336)\r\n org.testng.SuiteRunnerWorker.runSuite(SuiteRunnerWorker.java:52)\r\n org.testng.SuiteRunnerWorker.run(SuiteRunnerWorker.java:95)\r\n org.testng.TestNG.runSuitesSequentially(TestNG.java:1280)\r\n org.testng.TestNG.runSuitesLocally(TestNG.java:1200)\r\n org.testng.TestNG.runSuites(TestNG.java:1114)\r\n org.testng.TestNG.run(TestNG.java:1082)\r\n com.intellij.rt.testng.IDEARemoteTestNG.run(IDEARemoteTestNG.java:66)\r\n com.intellij.rt.testng.RemoteTestNGStarter.main(RemoteTestNGStarter.java:105)\r\n]]"
        },
        {
          "name": "status",
          "value": "FAIL"
        }
      ],
      "start": 1687073970485,
      "stop": 1687073970490
    }
  ],
  "attachments": [
    {
      "name": "Animated Gif - TestAddNewCreationalPeriod",
      "source": "55f9add5-620e-4fea-8465-a3b6a6ce5874-attachment.gif",
      "type": "image/gif"
    },
    {
      "name": "SHAFT Engine Logs - Current Method log: setUp",
      "source": "b0bf5c9f-3b79-4865-bf11-a016be7e6d44-attachment.txt",
      "type": "text/plain"
    },
    {
      "name": "SHAFT Engine Logs - Current Method log: TestAddNewCreationalPeriod",
      "source": "54e4ff5c-f4a2-4087-928c-a7fefaa5218a-attachment.txt",
      "type": "text/plain"
    }
  ],
  "parameters": [],
  "start": 1687073933719,
  "stop": 1687073970572
}