{"uuid":"bafb98c3-ed48-419e-b184-ce26e89c1502","historyId":"d85c9175a883fd9f71753f94e2ea1700","fullName":"SteeringCompanyPortal.AddNewCreationalPeriod.TestAddNewCreationalPeriod","labels":[{"name":"package","value":"SteeringCompanyPortal.AddNewCreationalPeriod"},{"name":"testClass","value":"SteeringCompanyPortal.AddNewCreationalPeriod"},{"name":"testMethod","value":"TestAddNewCreationalPeriod"},{"name":"parentSuite","value":"Suite"},{"name":"suite","value":"TASystemsAPIs_Latest1"},{"name":"subSuite","value":"SteeringCompanyPortal.AddNewCreationalPeriod"},{"name":"host","value":"TW-1056"},{"name":"thread","value":"14368@TW-1056.main(1)"},{"name":"framework","value":"testng"},{"name":"language","value":"java"}],"links":[],"name":"TestAddNewCreationalPeriod","status":"failed","statusDetails":{"known":false,"muted":false,"flaky":false,"message":"Failed to Click \"By.id: invStartDate\". Root cause: \"org.openqa.selenium.NoSuchElementException: no such element: Unable to locate element: {\"method\":\"css selector\",\"selector\":\"#invStartDate\"}\"","trace":"java.lang.AssertionError: Failed to Click \"By.id: invStartDate\". Root cause: \"org.openqa.selenium.NoSuchElementException: no such element: Unable to locate element: {\"method\":\"css selector\",\"selector\":\"#invStartDate\"}\"\r\n\tat org.testng.Assert.fail(Assert.java:99)\r\n\tat com.shaft.gui.element.internal.ElementActionsHelper.failAction(ElementActionsHelper.java:956)\r\n\tat com.shaft.gui.element.internal.ElementActionsHelper.failAction(ElementActionsHelper.java:887)\r\n\tat com.shaft.gui.element.internal.FluentElementActions.click(FluentElementActions.java:178)\r\n\tat SteeringCompanyPortal.AddNewCreationalPeriod.AddSteeringCreationalPeriodProgramSetting(AddNewCreationalPeriod.java:204)\r\n\tat SteeringCompanyPortal.AddNewCreationalPeriod.TestAddNewCreationalPeriod(AddNewCreationalPeriod.java:261)\r\n\tat java.base/jdk.internal.reflect.NativeMethodAccessorImpl.invoke0(Native Method)\r\n\tat java.base/jdk.internal.reflect.NativeMethodAccessorImpl.invoke(NativeMethodAccessorImpl.java:77)\r\n\tat java.base/jdk.internal.reflect.DelegatingMethodAccessorImpl.invoke(DelegatingMethodAccessorImpl.java:43)\r\n\tat java.base/java.lang.reflect.Method.invoke(Method.java:568)\r\n\tat org.testng.internal.invokers.MethodInvocationHelper.invokeMethod(MethodInvocationHelper.java:139)\r\n\tat org.testng.internal.invokers.TestInvoker.invokeMethod(TestInvoker.java:664)\r\n\tat org.testng.internal.invokers.TestInvoker.invokeTestMethod(TestInvoker.java:227)\r\n\tat org.testng.internal.invokers.MethodRunner.runInSequence(MethodRunner.java:50)\r\n\tat org.testng.internal.invokers.TestInvoker$MethodInvocationAgent.invoke(TestInvoker.java:957)\r\n\tat org.testng.internal.invokers.TestInvoker.invokeTestMethods(TestInvoker.java:200)\r\n\tat org.testng.internal.invokers.TestMethodWorker.invokeTestMethods(TestMethodWorker.java:148)\r\n\tat org.testng.internal.invokers.TestMethodWorker.run(TestMethodWorker.java:128)\r\n\tat java.base/java.util.ArrayList.forEach(ArrayList.java:1511)\r\n\tat org.testng.TestRunner.privateRun(TestRunner.java:848)\r\n\tat org.testng.TestRunner.run(TestRunner.java:621)\r\n\tat org.testng.SuiteRunner.runTest(SuiteRunner.java:443)\r\n\tat org.testng.SuiteRunner.runSequentially(SuiteRunner.java:437)\r\n\tat org.testng.SuiteRunner.privateRun(SuiteRunner.java:397)\r\n\tat org.testng.SuiteRunner.run(SuiteRunner.java:336)\r\n\tat org.testng.SuiteRunnerWorker.runSuite(SuiteRunnerWorker.java:52)\r\n\tat org.testng.SuiteRunnerWorker.run(SuiteRunnerWorker.java:95)\r\n\tat org.testng.TestNG.runSuitesSequentially(TestNG.java:1280)\r\n\tat org.testng.TestNG.runSuitesLocally(TestNG.java:1200)\r\n\tat org.testng.TestNG.runSuites(TestNG.java:1114)\r\n\tat org.testng.TestNG.run(TestNG.java:1082)\r\n\tat com.intellij.rt.testng.IDEARemoteTestNG.run(IDEARemoteTestNG.java:66)\r\n\tat com.intellij.rt.testng.RemoteTestNGStarter.main(RemoteTestNGStarter.java:105)\r\nCaused by: java.lang.AssertionError: Failed to identify unique element using this locator \"By.id: invStartDate\" Root cause: \"org.openqa.selenium.NoSuchElementException: no such element: Unable to locate element: {\"method\":\"css selector\",\"selector\":\"#invStartDate\"}\"\r\n\tat org.testng.Assert.fail(Assert.java:99)\r\n\tat com.shaft.tools.io.internal.FailureReporter.fail(FailureReporter.java:34)\r\n\tat com.shaft.gui.element.internal.ElementActionsHelper.identifyUniqueElement(ElementActionsHelper.java:796)\r\n\tat com.shaft.gui.element.internal.ElementActionsHelper.performActionAgainstUniqueElementIgnoringVisibility(ElementActionsHelper.java:776)\r\n\tat com.shaft.gui.element.internal.FluentElementActions.click(FluentElementActions.java:176)\r\n\t... 29 more\r\nCaused by: org.openqa.selenium.TimeoutException: Expected condition failed: waiting for com.shaft.gui.element.internal.ElementActionsHelper$$Lambda$921/0x000000080131e000@45980d (tried for 60 second(s) with 100 milliseconds interval)\r\n\tat org.openqa.selenium.support.ui.FluentWait.timeoutException(FluentWait.java:263)\r\n\tat org.openqa.selenium.support.ui.FluentWait.until(FluentWait.java:231)\r\n\tat com.shaft.gui.element.internal.ElementActionsHelper.waitForElementPresence(ElementActionsHelper.java:158)\r\n\tat com.shaft.gui.element.internal.ElementActionsHelper.getMatchingElementsInformation(ElementActionsHelper.java:826)\r\n\tat com.shaft.gui.element.internal.ElementActionsHelper.identifyUniqueElement(ElementActionsHelper.java:789)\r\n\t... 31 more\r\nCaused by: org.openqa.selenium.NoSuchElementException: no such element: Unable to locate element: {\"method\":\"css selector\",\"selector\":\"#invStartDate\"}\n  (Session info: chrome=114.0.5735.134)\nFor documentation on this error, please visit: https://selenium.dev/exceptions/#no_such_element\nBuild info: version: '4.9.0', revision: 'd7057100a6'\nSystem info: os.name: 'Windows 11', os.arch: 'amd64', os.version: '10.0', java.version: '17.0.6'\nDriver info: org.openqa.selenium.chrome.ChromeDriver\nCommand: [0481ec31f09edf7bcf039369559c60b2, findElement {using=id, value=invStartDate}]\nCapabilities {acceptInsecureCerts: true, browserName: chrome, browserVersion: 114.0.5735.134, chrome: {chromedriverVersion: 114.0.5735.90 (386bc09e8f4f..., userDataDir: C:\\Users\\HESHAM~1\\AppData\\L...}, goog:chromeOptions: {debuggerAddress: localhost:42943}, networkConnectionEnabled: false, pageLoadStrategy: none, platformName: WINDOWS, proxy: Proxy(), se:cdp: ws://localhost:42943/devtoo..., se:cdpVersion: 114.0.5735.134, setWindowRect: true, strictFileInteractability: false, timeouts: {implicit: 0, pageLoad: 60000, script: 30000}, unhandledPromptBehavior: accept and notify, webauthn:extension:credBlob: true, webauthn:extension:largeBlob: true, webauthn:extension:minPinLength: true, webauthn:extension:prf: true, webauthn:virtualAuthenticators: true}\nSession ID: 0481ec31f09edf7bcf039369559c60b2\r\n\tat jdk.internal.reflect.GeneratedConstructorAccessor31.newInstance(Unknown Source)\r\n\tat java.base/jdk.internal.reflect.DelegatingConstructorAccessorImpl.newInstance(DelegatingConstructorAccessorImpl.java:45)\r\n\tat java.base/java.lang.reflect.Constructor.newInstanceWithCaller(Constructor.java:499)\r\n\tat java.base/java.lang.reflect.Constructor.newInstance(Constructor.java:480)\r\n\tat org.openqa.selenium.remote.codec.w3c.W3CHttpResponseCodec.createException(W3CHttpResponseCodec.java:200)\r\n\tat org.openqa.selenium.remote.codec.w3c.W3CHttpResponseCodec.decode(W3CHttpResponseCodec.java:133)\r\n\tat org.openqa.selenium.remote.codec.w3c.W3CHttpResponseCodec.decode(W3CHttpResponseCodec.java:53)\r\n\tat org.openqa.selenium.remote.HttpCommandExecutor.execute(HttpCommandExecutor.java:193)\r\n\tat org.openqa.selenium.remote.service.DriverCommandExecutor.invokeExecute(DriverCommandExecutor.java:183)\r\n\tat org.openqa.selenium.remote.service.DriverCommandExecutor.execute(DriverCommandExecutor.java:158)\r\n\tat org.openqa.selenium.remote.RemoteWebDriver.execute(RemoteWebDriver.java:543)\r\n\tat org.openqa.selenium.remote.ElementLocation$ElementFinder$2.findElement(ElementLocation.java:162)\r\n\tat org.openqa.selenium.remote.ElementLocation.findElement(ElementLocation.java:60)\r\n\tat org.openqa.selenium.remote.RemoteWebDriver.findElement(RemoteWebDriver.java:352)\r\n\tat org.openqa.selenium.remote.RemoteWebDriver.findElement(RemoteWebDriver.java:344)\r\n\tat com.shaft.gui.element.internal.ElementActionsHelper.lambda$waitForElementPresence$0(ElementActionsHelper.java:170)\r\n\tat org.openqa.selenium.support.ui.FluentWait.until(FluentWait.java:208)\r\n\t... 34 more\r\n"},"stage":"finished","steps":[{"name":"Navigate to url \"https://portal-demo.np.transporticonline.com/Naqaba/index.xhtml\".","status":"passed","stage":"finished","steps":[],"attachments":[],"parameters":[],"start":1687077787934,"stop":1687077787934},{"name":"Click \"تسجيل الدخول\".","status":"passed","stage":"finished","steps":[],"attachments":[],"parameters":[],"start":1687077788883,"stop":1687077788883},{"name":"Wait to be ready \"Waited for the element's state of visibility to be (true). Element locator (By.id: loginForm:j_username)\" against \"By.id: loginForm:j_username\".","status":"passed","stage":"finished","steps":[],"attachments":[],"parameters":[],"start":1687077790808,"stop":1687077790809},{"name":"Type \"1199900000\" into \"By.id: loginForm:j_username\".","status":"passed","stage":"finished","steps":[],"attachments":[],"parameters":[],"start":1687077791796,"stop":1687077791796},{"name":"Wait to be ready \"Waited for the element's state of visibility to be (true). Element locator (By.id: loginForm:j_password)\" against \"By.id: loginForm:j_password\".","status":"passed","stage":"finished","steps":[],"attachments":[],"parameters":[],"start":1687077792341,"stop":1687077792341},{"name":"Type \"123\" into \"By.id: loginForm:j_password\".","status":"passed","stage":"finished","steps":[],"attachments":[],"parameters":[],"start":1687077792951,"stop":1687077792951},{"name":"Wait to be ready \"Waited for the element's state of visibility to be (true). Element locator (By.xpath: //div[@id='loginForm:rememberme']/div[2]/span)\" against \"By.xpath: //div[@id='loginForm:rememberme']/div[2]/span\".","status":"passed","stage":"finished","steps":[],"attachments":[],"parameters":[],"start":1687077793462,"stop":1687077793462},{"name":"Click \"By.xpath: //div[@id='loginForm:rememberme']/div[2]/span\".","status":"passed","stage":"finished","steps":[],"attachments":[],"parameters":[],"start":1687077794126,"stop":1687077794126},{"name":"Wait to be ready \"Waited for the element's state of visibility to be (true). Element locator (By.xpath: //*[@id='loginForm']//button[1])\" against \"دخول\".","status":"passed","stage":"finished","steps":[],"attachments":[],"parameters":[],"start":1687077794621,"stop":1687077794621},{"name":"Click \"دخول\".","status":"passed","stage":"finished","steps":[],"attachments":[],"parameters":[],"start":1687077795216,"stop":1687077795216},{"name":"Wait to be ready \"Waited for the element's state of visibility to be (true). Element locator (By.xpath: //div[@id='loginForm:auth-panel']//input)\" against \"By.xpath: //div[@id='loginForm:auth-panel']//input\".","status":"passed","stage":"finished","steps":[],"attachments":[],"parameters":[],"start":1687077796284,"stop":1687077796284},{"name":"Type \"1\" into \"By.xpath: //div[@id='loginForm:auth-panel']//input\".","status":"passed","stage":"finished","steps":[],"attachments":[],"parameters":[],"start":1687077796935,"stop":1687077796936},{"name":"Wait to be ready \"Waited for the element's state of visibility to be (true). Element locator (By.xpath: //*[@id='loginForm']//button[1])\" against \"دخول\".","status":"passed","stage":"finished","steps":[],"attachments":[],"parameters":[],"start":1687077797439,"stop":1687077797439},{"name":"Click \"دخول\".","status":"passed","stage":"finished","steps":[],"attachments":[],"parameters":[],"start":1687077798081,"stop":1687077798081},{"name":"Click and hold \"By.xpath: //body/div[1]/div[1]/div[1]\".","status":"passed","stage":"finished","steps":[],"attachments":[],"parameters":[],"start":1687077802056,"stop":1687077802056},{"name":"Click \"Toggle Menu\".","status":"passed","stage":"finished","steps":[],"attachments":[],"parameters":[],"start":1687077803214,"stop":1687077803214},{"name":"Click \"By.xpath: //*[@class='layout-menu']/li[5]/a/span[1]\".","status":"passed","stage":"finished","steps":[],"attachments":[],"parameters":[],"start":1687077803902,"stop":1687077803902},{"name":"Scroll to element \"By.xpath: //*[@class='layout-menu']/li[5]/ul[@role='menu']/li[1]/a/span[1]\".","status":"passed","stage":"finished","steps":[],"attachments":[],"parameters":[],"start":1687077804600,"stop":1687077804600},{"name":"Click \"By.xpath: //*[@class='layout-menu']/li[5]/ul[@role='menu']/li[1]/a/span[1]\".","status":"passed","stage":"finished","steps":[],"attachments":[],"parameters":[],"start":1687077805161,"stop":1687077805164},{"name":"Scroll to element \"By.xpath: //ul/li[5]/ul/li[1]/ul/li[8]//span[1]\".","status":"passed","stage":"finished","steps":[],"attachments":[],"parameters":[],"start":1687077805671,"stop":1687077805671},{"name":"Click \"By.xpath: //ul/li[5]/ul/li[1]/ul/li[8]//span[1]\".","status":"passed","stage":"finished","steps":[],"attachments":[],"parameters":[],"start":1687077806146,"stop":1687077806146},{"name":"Click \"By.xpath: //*[@id='primetable_data']/tr[last()]/td[last()]//span[2]\".","status":"passed","stage":"finished","steps":[],"attachments":[],"parameters":[],"start":1687077807927,"stop":1687077807927},{"name":"Wait to be ready \"Waited for the element's state of visibility to be (true). Element locator (By.xpath: //div[20]/ul/li[2]/a/span)\" against \"By.xpath: //div[20]/ul/li[2]/a/span\".","status":"passed","stage":"finished","steps":[],"attachments":[],"parameters":[],"start":1687077808474,"stop":1687077808474},{"name":"Click \"By.xpath: //div[20]/ul/li[2]/a/span\".","status":"passed","stage":"finished","steps":[],"attachments":[],"parameters":[],"start":1687077809118,"stop":1687077809118},{"name":"Scroll to element \"14/11/1444\".","status":"passed","stage":"finished","steps":[],"attachments":[],"parameters":[],"start":1687077811975,"stop":1687077811975},{"name":"Get text \"14/11/1444\" from \"14/11/1444\".","status":"passed","stage":"finished","steps":[],"attachments":[],"parameters":[],"start":1687077812448,"stop":1687077812448},{"name":"Wait to be ready \"Waited for the element's state of visibility to be (true). Element locator (By.xpath: //tr/th[last()]//button)\" against \" اضافة فترة زمنية\".","status":"passed","stage":"finished","steps":[],"attachments":[],"parameters":[],"start":1687077812969,"stop":1687077812969},{"name":"Click \" اضافة فترة زمنية\".","status":"passed","stage":"finished","steps":[],"attachments":[],"parameters":[],"start":1687077814781,"stop":1687077814781},{"name":"Type \"فترة تشغيل جديدة\" into \"إسم الفترة\".","status":"passed","stage":"finished","steps":[],"attachments":[],"parameters":[],"start":1687077818405,"stop":1687077818405},{"name":"Click \"تاريخ بداية الفترة الزمنية للبرامج *\".","status":"passed","stage":"finished","steps":[],"attachments":[],"parameters":[],"start":1687077819136,"stop":1687077819136},{"name":"Click \"عرض شهر آخر\".","status":"passed","stage":"finished","steps":[],"attachments":[],"parameters":[],"start":1687077819841,"stop":1687077819841},{"name":"Select \"12/1444\" from \"عرض شهر آخر\".","status":"passed","stage":"finished","steps":[],"attachments":[],"parameters":[],"start":1687077820797,"stop":1687077820797},{"name":"Click \"1\".","status":"passed","stage":"finished","steps":[],"attachments":[],"parameters":[],"start":1687077821481,"stop":1687077821481},{"name":"Click \"تاريخ نهاية الفترة الزمنية للبرامج *\".","status":"passed","stage":"finished","steps":[],"attachments":[],"parameters":[],"start":1687077822146,"stop":1687077822146},{"name":"Click \"عرض شهر آخر\".","status":"passed","stage":"finished","steps":[],"attachments":[],"parameters":[],"start":1687077822782,"stop":1687077822782},{"name":"Select \"12/1444\" from \"عرض شهر آخر\".","status":"passed","stage":"finished","steps":[],"attachments":[],"parameters":[],"start":1687077823785,"stop":1687077823785},{"name":"Click \"2\".","status":"passed","stage":"finished","steps":[],"attachments":[],"parameters":[],"start":1687077824648,"stop":1687077824648},{"name":"Type \"10\" into \"القيمة*\".","status":"passed","stage":"finished","steps":[],"attachments":[],"parameters":[],"start":1687077825487,"stop":1687077825487},{"name":"Click \"اضافة خصائص للفترة\".","status":"passed","stage":"finished","steps":[],"attachments":[],"parameters":[],"start":1687077826193,"stop":1687077826193},{"name":"Click \"By.id: rmmId_label\".","status":"passed","stage":"finished","steps":[],"attachments":[],"parameters":[],"start":1687077827507,"stop":1687077827507},{"name":"Click \"جدة - مكة - مدينة - مطار المدينة مع الحجر المؤسسي\".","status":"passed","stage":"finished","steps":[],"attachments":[],"parameters":[],"start":1687077828235,"stop":1687077828235},{"name":"Click \"By.id: busType_label\".","status":"passed","stage":"finished","steps":[],"attachments":[],"parameters":[],"start":1687077829025,"stop":1687077829026},{"name":"Click \"فان\".","status":"passed","stage":"finished","steps":[],"attachments":[],"parameters":[],"start":1687077829761,"stop":1687077829761},{"name":"Scroll to element \"الحد الادنى لسعر المركبة*\".","status":"passed","stage":"finished","steps":[],"attachments":[],"parameters":[],"start":1687077830308,"stop":1687077830308},{"name":"Click \"By.xpath: //*[@id='category']/div[1]/div[1]/div/div[2]\".","status":"passed","stage":"finished","steps":[],"attachments":[],"parameters":[],"start":1687077830937,"stop":1687077830937},{"name":"Click \"By.xpath: //*[@id='category']/div[1]/div[2]/div/div[2]\".","status":"passed","stage":"finished","steps":[],"attachments":[],"parameters":[],"start":1687077831642,"stop":1687077831642},{"name":"Click \"By.xpath: //*[@id='category']/div[2]/div/div/div[2]\".","status":"passed","stage":"finished","steps":[],"attachments":[],"parameters":[],"start":1687077832375,"stop":1687077832375},{"name":"Scroll to element \"الحد الادنى لسعر المركبة*\".","status":"passed","stage":"finished","steps":[],"attachments":[],"parameters":[],"start":1687077832985,"stop":1687077832985},{"name":"Type \"9\" into \"اقل عدد مقاعد*\".","status":"passed","stage":"finished","steps":[],"attachments":[],"parameters":[],"start":1687077833820,"stop":1687077833820},{"name":"Type \"11\" into \"اكبر عدد مقاعد*\".","status":"passed","stage":"finished","steps":[],"attachments":[],"parameters":[],"start":1687077834601,"stop":1687077834602},{"name":"Type \"1200\" into \"الحد الادنى لسعر المركبة*\".","status":"passed","stage":"finished","steps":[],"attachments":[],"parameters":[],"start":1687077835421,"stop":1687077835421},{"name":"Scroll to element \"حفظ\".","status":"passed","stage":"finished","steps":[],"attachments":[],"parameters":[],"start":1687077835975,"stop":1687077835975},{"name":"Click \"اضافة\".","status":"passed","stage":"finished","steps":[],"attachments":[],"parameters":[],"start":1687077836521,"stop":1687077836521},{"name":"Scroll to element \"By.xpath: //*[@id='period-creation-table_data']/tr[last()-1]\".","status":"passed","stage":"finished","steps":[],"attachments":[],"parameters":[],"start":1687077845270,"stop":1687077845270},{"name":"Click \" الاجراءات\".","status":"passed","stage":"finished","steps":[],"attachments":[],"parameters":[],"start":1687077846981,"stop":1687077846982},{"name":"Click \"By.xpath: //*[@class='ui-menu ui-menu-dynamic ui-widget ui-widget-content ui-corner-all ui-helper-clearfix ui-shadow'][last()]/ul/li[2]/a/span\".","status":"passed","stage":"finished","steps":[],"attachments":[],"parameters":[],"start":1687077847452,"stop":1687077847452},{"name":"Failed to Click \"By.id: invStartDate\". Root cause: \"org.openqa.selenium.NoSuchElementException: no such element: Unable to locate element: {\"method\":\"css selector\",\"selector\":\"#invStartDate\"}\"","status":"passed","statusDetails":{"known":false,"muted":false,"flaky":false,"trace":"java.io.ByteArrayInputStream@132bc3fb\r\njava.lang.AssertionError: Failed to identify unique element using this locator \"By.id: invStartDate\" Root cause: \"org.openqa.selenium.NoSuchElementException: no such element: Unable to locate element: {\"method\":\"css selector\",\"selector\":\"#invStartDate\"}\"\r\n org.testng.Assert.fail(Assert.java:99)\r\n com.shaft.tools.io.internal.FailureReporter.fail(FailureReporter.java:34)\r\n com.shaft.gui.element.internal.ElementActionsHelper.identifyUniqueElement(ElementActionsHelper.java:796)\r\n com.shaft.gui.element.internal.ElementActionsHelper.performActionAgainstUniqueElementIgnoringVisibility(ElementActionsHelper.java:776)\r\n com.shaft.gui.element.internal.FluentElementActions.click(FluentElementActions.java:176)\r\n SteeringCompanyPortal.AddNewCreationalPeriod.AddSteeringCreationalPeriodProgramSetting(AddNewCreationalPeriod.java:204)\r\n SteeringCompanyPortal.AddNewCreationalPeriod.TestAddNewCreationalPeriod(AddNewCreationalPeriod.java:261)\r\n java.base/jdk.internal.reflect.NativeMethodAccessorImpl.invoke0(Native Method)\r\n java.base/jdk.internal.reflect.NativeMethodAccessorImpl.invoke(NativeMethodAccessorImpl.java:77)\r\n java.base/jdk.internal.reflect.DelegatingMethodAccessorImpl.invoke(DelegatingMethodAccessorImpl.java:43)\r\n java.base/java.lang.reflect.Method.invoke(Method.java:568)\r\n org.testng.internal.invokers.MethodInvocationHelper.invokeMethod(MethodInvocationHelper.java:139)\r\n org.testng.internal.invokers.TestInvoker.invokeMethod(TestInvoker.java:664)\r\n org.testng.internal.invokers.TestInvoker.invokeTestMethod(TestInvoker.java:227)\r\n org.testng.internal.invokers.MethodRunner.runInSequence(MethodRunner.java:50)\r\n org.testng.internal.invokers.TestInvoker$MethodInvocationAgent.invoke(TestInvoker.java:957)\r\n org.testng.internal.invokers.TestInvoker.invokeTestMethods(TestInvoker.java:200)\r\n org.testng.internal.invokers.TestMethodWorker.invokeTestMethods(TestMethodWorker.java:148)\r\n org.testng.internal.invokers.TestMethodWorker.run(TestMethodWorker.java:128)\r\n java.base/java.util.ArrayList.forEach(ArrayList.java:1511)\r\n org.testng.TestRunner.privateRun(TestRunner.java:848)\r\n org.testng.TestRunner.run(TestRunner.java:621)\r\n org.testng.SuiteRunner.runTest(SuiteRunner.java:443)\r\n org.testng.SuiteRunner.runSequentially(SuiteRunner.java:437)\r\n org.testng.SuiteRunner.privateRun(SuiteRunner.java:397)\r\n org.testng.SuiteRunner.run(SuiteRunner.java:336)\r\n org.testng.SuiteRunnerWorker.runSuite(SuiteRunnerWorker.java:52)\r\n org.testng.SuiteRunnerWorker.run(SuiteRunnerWorker.java:95)\r\n org.testng.TestNG.runSuitesSequentially(TestNG.java:1280)\r\n org.testng.TestNG.runSuitesLocally(TestNG.java:1200)\r\n org.testng.TestNG.runSuites(TestNG.java:1114)\r\n org.testng.TestNG.run(TestNG.java:1082)\r\n com.intellij.rt.testng.IDEARemoteTestNG.run(IDEARemoteTestNG.java:66)\r\n com.intellij.rt.testng.RemoteTestNGStarter.main(RemoteTestNGStarter.java:105)\r\n\r\nCaused by: org.openqa.selenium.TimeoutException: Expected condition failed: waiting for com.shaft.gui.element.internal.ElementActionsHelper$$Lambda$921/0x000000080131e000@45980d (tried for 60 second(s) with 100 milliseconds interval)\r\n org.openqa.selenium.support.ui.FluentWait.timeoutException(FluentWait.java:263)\r\n org.openqa.selenium.support.ui.FluentWait.until(FluentWait.java:231)\r\n com.shaft.gui.element.internal.ElementActionsHelper.waitForElementPresence(ElementActionsHelper.java:158)\r\n com.shaft.gui.element.internal.ElementActionsHelper.getMatchingElementsInformation(ElementActionsHelper.java:826)\r\n com.shaft.gui.element.internal.ElementActionsHelper.identifyUniqueElement(ElementActionsHelper.java:789)\r\n com.shaft.gui.element.internal.ElementActionsHelper.performActionAgainstUniqueElementIgnoringVisibility(ElementActionsHelper.java:776)\r\n com.shaft.gui.element.internal.FluentElementActions.click(FluentElementActions.java:176)\r\n SteeringCompanyPortal.AddNewCreationalPeriod.AddSteeringCreationalPeriodProgramSetting(AddNewCreationalPeriod.java:204)\r\n SteeringCompanyPortal.AddNewCreationalPeriod.TestAddNewCreationalPeriod(AddNewCreationalPeriod.java:261)\r\n java.base/jdk.internal.reflect.NativeMethodAccessorImpl.invoke0(Native Method)\r\n java.base/jdk.internal.reflect.NativeMethodAccessorImpl.invoke(NativeMethodAccessorImpl.java:77)\r\n java.base/jdk.internal.reflect.DelegatingMethodAccessorImpl.invoke(DelegatingMethodAccessorImpl.java:43)\r\n java.base/java.lang.reflect.Method.invoke(Method.java:568)\r\n org.testng.internal.invokers.MethodInvocationHelper.invokeMethod(MethodInvocationHelper.java:139)\r\n org.testng.internal.invokers.TestInvoker.invokeMethod(TestInvoker.java:664)\r\n org.testng.internal.invokers.TestInvoker.invokeTestMethod(TestInvoker.java:227)\r\n org.testng.internal.invokers.MethodRunner.runInSequence(MethodRunner.java:50)\r\n org.testng.internal.invokers.TestInvoker$MethodInvocationAgent.invoke(TestInvoker.java:957)\r\n org.testng.internal.invokers.TestInvoker.invokeTestMethods(TestInvoker.java:200)\r\n org.testng.internal.invokers.TestMethodWorker.invokeTestMethods(TestMethodWorker.java:148)\r\n org.testng.internal.invokers.TestMethodWorker.run(TestMethodWorker.java:128)\r\n java.base/java.util.ArrayList.forEach(ArrayList.java:1511)\r\n org.testng.TestRunner.privateRun(TestRunner.java:848)\r\n org.testng.TestRunner.run(TestRunner.java:621)\r\n org.testng.SuiteRunner.runTest(SuiteRunner.java:443)\r\n org.testng.SuiteRunner.runSequentially(SuiteRunner.java:437)\r\n org.testng.SuiteRunner.privateRun(SuiteRunner.java:397)\r\n org.testng.SuiteRunner.run(SuiteRunner.java:336)\r\n org.testng.SuiteRunnerWorker.runSuite(SuiteRunnerWorker.java:52)\r\n org.testng.SuiteRunnerWorker.run(SuiteRunnerWorker.java:95)\r\n org.testng.TestNG.runSuitesSequentially(TestNG.java:1280)\r\n org.testng.TestNG.runSuitesLocally(TestNG.java:1200)\r\n org.testng.TestNG.runSuites(TestNG.java:1114)\r\n org.testng.TestNG.run(TestNG.java:1082)\r\n com.intellij.rt.testng.IDEARemoteTestNG.run(IDEARemoteTestNG.java:66)\r\n com.intellij.rt.testng.RemoteTestNGStarter.main(RemoteTestNGStarter.java:105)\r\n\r\nCaused by: org.openqa.selenium.NoSuchElementException: no such element: Unable to locate element: {\"method\":\"css selector\",\"selector\":\"#invStartDate\"}\n  (Session info: chrome=114.0.5735.134)\nFor documentation on this error, please visit: https://selenium.dev/exceptions/#no_such_element\nBuild info: version: '4.9.0', revision: 'd7057100a6'\nSystem info: os.name: 'Windows 11', os.arch: 'amd64', os.version: '10.0', java.version: '17.0.6'\nDriver info: org.openqa.selenium.chrome.ChromeDriver\nCommand: [0481ec31f09edf7bcf039369559c60b2, findElement {using=id, value=invStartDate}]\nCapabilities {acceptInsecureCerts: true, browserName: chrome, browserVersion: 114.0.5735.134, chrome: {chromedriverVersion: 114.0.5735.90 (386bc09e8f4f..., userDataDir: C:\\Users\\HESHAM~1\\AppData\\L...}, goog:chromeOptions: {debuggerAddress: localhost:42943}, networkConnectionEnabled: false, pageLoadStrategy: none, platformName: WINDOWS, proxy: Proxy(), se:cdp: ws://localhost:42943/devtoo..., se:cdpVersion: 114.0.5735.134, setWindowRect: true, strictFileInteractability: false, timeouts: {implicit: 0, pageLoad: 60000, script: 30000}, unhandledPromptBehavior: accept and notify, webauthn:extension:credBlob: true, webauthn:extension:largeBlob: true, webauthn:extension:minPinLength: true, webauthn:extension:prf: true, webauthn:virtualAuthenticators: true}\nSession ID: 0481ec31f09edf7bcf039369559c60b2\r\n jdk.internal.reflect.GeneratedConstructorAccessor31.newInstance(Unknown Source)\r\n java.base/jdk.internal.reflect.DelegatingConstructorAccessorImpl.newInstance(DelegatingConstructorAccessorImpl.java:45)\r\n java.base/java.lang.reflect.Constructor.newInstanceWithCaller(Constructor.java:499)\r\n java.base/java.lang.reflect.Constructor.newInstance(Constructor.java:480)\r\n org.openqa.selenium.remote.codec.w3c.W3CHttpResponseCodec.createException(W3CHttpResponseCodec.java:200)\r\n org.openqa.selenium.remote.codec.w3c.W3CHttpResponseCodec.decode(W3CHttpResponseCodec.java:133)\r\n org.openqa.selenium.remote.codec.w3c.W3CHttpResponseCodec.decode(W3CHttpResponseCodec.java:53)\r\n org.openqa.selenium.remote.HttpCommandExecutor.execute(HttpCommandExecutor.java:193)\r\n org.openqa.selenium.remote.service.DriverCommandExecutor.invokeExecute(DriverCommandExecutor.java:183)\r\n org.openqa.selenium.remote.service.DriverCommandExecutor.execute(DriverCommandExecutor.java:158)\r\n org.openqa.selenium.remote.RemoteWebDriver.execute(RemoteWebDriver.java:543)\r\n org.openqa.selenium.remote.ElementLocation$ElementFinder$2.findElement(ElementLocation.java:162)\r\n org.openqa.selenium.remote.ElementLocation.findElement(ElementLocation.java:60)\r\n org.openqa.selenium.remote.RemoteWebDriver.findElement(RemoteWebDriver.java:352)\r\n org.openqa.selenium.remote.RemoteWebDriver.findElement(RemoteWebDriver.java:344)\r\n com.shaft.gui.element.internal.ElementActionsHelper.lambda$waitForElementPresence$0(ElementActionsHelper.java:170)\r\n org.openqa.selenium.support.ui.FluentWait.until(FluentWait.java:208)\r\n com.shaft.gui.element.internal.ElementActionsHelper.waitForElementPresence(ElementActionsHelper.java:158)\r\n com.shaft.gui.element.internal.ElementActionsHelper.getMatchingElementsInformation(ElementActionsHelper.java:826)\r\n com.shaft.gui.element.internal.ElementActionsHelper.identifyUniqueElement(ElementActionsHelper.java:789)\r\n com.shaft.gui.element.internal.ElementActionsHelper.performActionAgainstUniqueElementIgnoringVisibility(ElementActionsHelper.java:776)\r\n com.shaft.gui.element.internal.FluentElementActions.click(FluentElementActions.java:176)\r\n SteeringCompanyPortal.AddNewCreationalPeriod.AddSteeringCreationalPeriodProgramSetting(AddNewCreationalPeriod.java:204)\r\n SteeringCompanyPortal.AddNewCreationalPeriod.TestAddNewCreationalPeriod(AddNewCreationalPeriod.java:261)\r\n java.base/jdk.internal.reflect.NativeMethodAccessorImpl.invoke0(Native Method)\r\n java.base/jdk.internal.reflect.NativeMethodAccessorImpl.invoke(NativeMethodAccessorImpl.java:77)\r\n java.base/jdk.internal.reflect.DelegatingMethodAccessorImpl.invoke(DelegatingMethodAccessorImpl.java:43)\r\n java.base/java.lang.reflect.Method.invoke(Method.java:568)\r\n org.testng.internal.invokers.MethodInvocationHelper.invokeMethod(MethodInvocationHelper.java:139)\r\n org.testng.internal.invokers.TestInvoker.invokeMethod(TestInvoker.java:664)\r\n org.testng.internal.invokers.TestInvoker.invokeTestMethod(TestInvoker.java:227)\r\n org.testng.internal.invokers.MethodRunner.runInSequence(MethodRunner.java:50)\r\n org.testng.internal.invokers.TestInvoker$MethodInvocationAgent.invoke(TestInvoker.java:957)\r\n org.testng.internal.invokers.TestInvoker.invokeTestMethods(TestInvoker.java:200)\r\n org.testng.internal.invokers.TestMethodWorker.invokeTestMethods(TestMethodWorker.java:148)\r\n org.testng.internal.invokers.TestMethodWorker.run(TestMethodWorker.java:128)\r\n java.base/java.util.ArrayList.forEach(ArrayList.java:1511)\r\n org.testng.TestRunner.privateRun(TestRunner.java:848)\r\n org.testng.TestRunner.run(TestRunner.java:621)\r\n org.testng.SuiteRunner.runTest(SuiteRunner.java:443)\r\n org.testng.SuiteRunner.runSequentially(SuiteRunner.java:437)\r\n org.testng.SuiteRunner.privateRun(SuiteRunner.java:397)\r\n org.testng.SuiteRunner.run(SuiteRunner.java:336)\r\n org.testng.SuiteRunnerWorker.runSuite(SuiteRunnerWorker.java:52)\r\n org.testng.SuiteRunnerWorker.run(SuiteRunnerWorker.java:95)\r\n org.testng.TestNG.runSuitesSequentially(TestNG.java:1280)\r\n org.testng.TestNG.runSuitesLocally(TestNG.java:1200)\r\n org.testng.TestNG.runSuites(TestNG.java:1114)\r\n org.testng.TestNG.run(TestNG.java:1082)\r\n com.intellij.rt.testng.IDEARemoteTestNG.run(IDEARemoteTestNG.java:66)\r\n com.intellij.rt.testng.RemoteTestNGStarter.main(RemoteTestNGStarter.java:105)"},"stage":"finished","steps":[],"attachments":[{"name":"Screenshot - 1687077908285_TestAddNewCreationalPeriod_Click_failed","source":"42abc714-2c32-4ff3-a6be-1620ced2a806-attachment.png","type":"image/png"},{"name":"Element Action Exception - Click - Stacktrace","source":"613518e2-1ccc-4740-af75-e02d8e66dfac-attachment"}],"parameters":[{"name":"logText","value":"Failed to Click \"By.id: invStartDate\". Root cause: \"org.openqa.selenium.NoSuchElementException: no such element: Unable to locate element: {\"method\":\"css selector\",\"selector\":\"#invStartDate\"}\""},{"name":"attachments","value":"[[Screenshot, 1687077908285_TestAddNewCreationalPeriod_Click_failed, java.io.ByteArrayInputStream@132bc3fb], [Element Action Exception - Click, Stacktrace, java.lang.AssertionError: Failed to identify unique element using this locator \"By.id: invStartDate\" Root cause: \"org.openqa.selenium.NoSuchElementException: no such element: Unable to locate element: {\"method\":\"css selector\",\"selector\":\"#invStartDate\"}\"\r\n org.testng.Assert.fail(Assert.java:99)\r\n com.shaft.tools.io.internal.FailureReporter.fail(FailureReporter.java:34)\r\n com.shaft.gui.element.internal.ElementActionsHelper.identifyUniqueElement(ElementActionsHelper.java:796)\r\n com.shaft.gui.element.internal.ElementActionsHelper.performActionAgainstUniqueElementIgnoringVisibility(ElementActionsHelper.java:776)\r\n com.shaft.gui.element.internal.FluentElementActions.click(FluentElementActions.java:176)\r\n SteeringCompanyPortal.AddNewCreationalPeriod.AddSteeringCreationalPeriodProgramSetting(AddNewCreationalPeriod.java:204)\r\n SteeringCompanyPortal.AddNewCreationalPeriod.TestAddNewCreationalPeriod(AddNewCreationalPeriod.java:261)\r\n java.base/jdk.internal.reflect.NativeMethodAccessorImpl.invoke0(Native Method)\r\n java.base/jdk.internal.reflect.NativeMethodAccessorImpl.invoke(NativeMethodAccessorImpl.java:77)\r\n java.base/jdk.internal.reflect.DelegatingMethodAccessorImpl.invoke(DelegatingMethodAccessorImpl.java:43)\r\n java.base/java.lang.reflect.Method.invoke(Method.java:568)\r\n org.testng.internal.invokers.MethodInvocationHelper.invokeMethod(MethodInvocationHelper.java:139)\r\n org.testng.internal.invokers.TestInvoker.invokeMethod(TestInvoker.java:664)\r\n org.testng.internal.invokers.TestInvoker.invokeTestMethod(TestInvoker.java:227)\r\n org.testng.internal.invokers.MethodRunner.runInSequence(MethodRunner.java:50)\r\n org.testng.internal.invokers.TestInvoker$MethodInvocationAgent.invoke(TestInvoker.java:957)\r\n org.testng.internal.invokers.TestInvoker.invokeTestMethods(TestInvoker.java:200)\r\n org.testng.internal.invokers.TestMethodWorker.invokeTestMethods(TestMethodWorker.java:148)\r\n org.testng.internal.invokers.TestMethodWorker.run(TestMethodWorker.java:128)\r\n java.base/java.util.ArrayList.forEach(ArrayList.java:1511)\r\n org.testng.TestRunner.privateRun(TestRunner.java:848)\r\n org.testng.TestRunner.run(TestRunner.java:621)\r\n org.testng.SuiteRunner.runTest(SuiteRunner.java:443)\r\n org.testng.SuiteRunner.runSequentially(SuiteRunner.java:437)\r\n org.testng.SuiteRunner.privateRun(SuiteRunner.java:397)\r\n org.testng.SuiteRunner.run(SuiteRunner.java:336)\r\n org.testng.SuiteRunnerWorker.runSuite(SuiteRunnerWorker.java:52)\r\n org.testng.SuiteRunnerWorker.run(SuiteRunnerWorker.java:95)\r\n org.testng.TestNG.runSuitesSequentially(TestNG.java:1280)\r\n org.testng.TestNG.runSuitesLocally(TestNG.java:1200)\r\n org.testng.TestNG.runSuites(TestNG.java:1114)\r\n org.testng.TestNG.run(TestNG.java:1082)\r\n com.intellij.rt.testng.IDEARemoteTestNG.run(IDEARemoteTestNG.java:66)\r\n com.intellij.rt.testng.RemoteTestNGStarter.main(RemoteTestNGStarter.java:105)\r\n\r\nCaused by: org.openqa.selenium.TimeoutException: Expected condition failed: waiting for com.shaft.gui.element.internal.ElementActionsHelper$$Lambda$921/0x000000080131e000@45980d (tried for 60 second(s) with 100 milliseconds interval)\r\n org.openqa.selenium.support.ui.FluentWait.timeoutException(FluentWait.java:263)\r\n org.openqa.selenium.support.ui.FluentWait.until(FluentWait.java:231)\r\n com.shaft.gui.element.internal.ElementActionsHelper.waitForElementPresence(ElementActionsHelper.java:158)\r\n com.shaft.gui.element.internal.ElementActionsHelper.getMatchingElementsInformation(ElementActionsHelper.java:826)\r\n com.shaft.gui.element.internal.ElementActionsHelper.identifyUniqueElement(ElementActionsHelper.java:789)\r\n com.shaft.gui.element.internal.ElementActionsHelper.performActionAgainstUniqueElementIgnoringVisibility(ElementActionsHelper.java:776)\r\n com.shaft.gui.element.internal.FluentElementActions.click(FluentElementActions.java:176)\r\n SteeringCompanyPortal.AddNewCreationalPeriod.AddSteeringCreationalPeriodProgramSetting(AddNewCreationalPeriod.java:204)\r\n SteeringCompanyPortal.AddNewCreationalPeriod.TestAddNewCreationalPeriod(AddNewCreationalPeriod.java:261)\r\n java.base/jdk.internal.reflect.NativeMethodAccessorImpl.invoke0(Native Method)\r\n java.base/jdk.internal.reflect.NativeMethodAccessorImpl.invoke(NativeMethodAccessorImpl.java:77)\r\n java.base/jdk.internal.reflect.DelegatingMethodAccessorImpl.invoke(DelegatingMethodAccessorImpl.java:43)\r\n java.base/java.lang.reflect.Method.invoke(Method.java:568)\r\n org.testng.internal.invokers.MethodInvocationHelper.invokeMethod(MethodInvocationHelper.java:139)\r\n org.testng.internal.invokers.TestInvoker.invokeMethod(TestInvoker.java:664)\r\n org.testng.internal.invokers.TestInvoker.invokeTestMethod(TestInvoker.java:227)\r\n org.testng.internal.invokers.MethodRunner.runInSequence(MethodRunner.java:50)\r\n org.testng.internal.invokers.TestInvoker$MethodInvocationAgent.invoke(TestInvoker.java:957)\r\n org.testng.internal.invokers.TestInvoker.invokeTestMethods(TestInvoker.java:200)\r\n org.testng.internal.invokers.TestMethodWorker.invokeTestMethods(TestMethodWorker.java:148)\r\n org.testng.internal.invokers.TestMethodWorker.run(TestMethodWorker.java:128)\r\n java.base/java.util.ArrayList.forEach(ArrayList.java:1511)\r\n org.testng.TestRunner.privateRun(TestRunner.java:848)\r\n org.testng.TestRunner.run(TestRunner.java:621)\r\n org.testng.SuiteRunner.runTest(SuiteRunner.java:443)\r\n org.testng.SuiteRunner.runSequentially(SuiteRunner.java:437)\r\n org.testng.SuiteRunner.privateRun(SuiteRunner.java:397)\r\n org.testng.SuiteRunner.run(SuiteRunner.java:336)\r\n org.testng.SuiteRunnerWorker.runSuite(SuiteRunnerWorker.java:52)\r\n org.testng.SuiteRunnerWorker.run(SuiteRunnerWorker.java:95)\r\n org.testng.TestNG.runSuitesSequentially(TestNG.java:1280)\r\n org.testng.TestNG.runSuitesLocally(TestNG.java:1200)\r\n org.testng.TestNG.runSuites(TestNG.java:1114)\r\n org.testng.TestNG.run(TestNG.java:1082)\r\n com.intellij.rt.testng.IDEARemoteTestNG.run(IDEARemoteTestNG.java:66)\r\n com.intellij.rt.testng.RemoteTestNGStarter.main(RemoteTestNGStarter.java:105)\r\n\r\nCaused by: org.openqa.selenium.NoSuchElementException: no such element: Unable to locate element: {\"method\":\"css selector\",\"selector\":\"#invStartDate\"}\n  (Session info: chrome=114.0.5735.134)\nFor documentation on this error, please visit: https://selenium.dev/exceptions/#no_such_element\nBuild info: version: '4.9.0', revision: 'd7057100a6'\nSystem info: os.name: 'Windows 11', os.arch: 'amd64', os.version: '10.0', java.version: '17.0.6'\nDriver info: org.openqa.selenium.chrome.ChromeDriver\nCommand: [0481ec31f09edf7bcf039369559c60b2, findElement {using=id, value=invStartDate}]\nCapabilities {acceptInsecureCerts: true, browserName: chrome, browserVersion: 114.0.5735.134, chrome: {chromedriverVersion: 114.0.5735.90 (386bc09e8f4f..., userDataDir: C:\\Users\\HESHAM~1\\AppData\\L...}, goog:chromeOptions: {debuggerAddress: localhost:42943}, networkConnectionEnabled: false, pageLoadStrategy: none, platformName: WINDOWS, proxy: Proxy(), se:cdp: ws://localhost:42943/devtoo..., se:cdpVersion: 114.0.5735.134, setWindowRect: true, strictFileInteractability: false, timeouts: {implicit: 0, pageLoad: 60000, script: 30000}, unhandledPromptBehavior: accept and notify, webauthn:extension:credBlob: true, webauthn:extension:largeBlob: true, webauthn:extension:minPinLength: true, webauthn:extension:prf: true, webauthn:virtualAuthenticators: true}\nSession ID: 0481ec31f09edf7bcf039369559c60b2\r\n jdk.internal.reflect.GeneratedConstructorAccessor31.newInstance(Unknown Source)\r\n java.base/jdk.internal.reflect.DelegatingConstructorAccessorImpl.newInstance(DelegatingConstructorAccessorImpl.java:45)\r\n java.base/java.lang.reflect.Constructor.newInstanceWithCaller(Constructor.java:499)\r\n java.base/java.lang.reflect.Constructor.newInstance(Constructor.java:480)\r\n org.openqa.selenium.remote.codec.w3c.W3CHttpResponseCodec.createException(W3CHttpResponseCodec.java:200)\r\n org.openqa.selenium.remote.codec.w3c.W3CHttpResponseCodec.decode(W3CHttpResponseCodec.java:133)\r\n org.openqa.selenium.remote.codec.w3c.W3CHttpResponseCodec.decode(W3CHttpResponseCodec.java:53)\r\n org.openqa.selenium.remote.HttpCommandExecutor.execute(HttpCommandExecutor.java:193)\r\n org.openqa.selenium.remote.service.DriverCommandExecutor.invokeExecute(DriverCommandExecutor.java:183)\r\n org.openqa.selenium.remote.service.DriverCommandExecutor.execute(DriverCommandExecutor.java:158)\r\n org.openqa.selenium.remote.RemoteWebDriver.execute(RemoteWebDriver.java:543)\r\n org.openqa.selenium.remote.ElementLocation$ElementFinder$2.findElement(ElementLocation.java:162)\r\n org.openqa.selenium.remote.ElementLocation.findElement(ElementLocation.java:60)\r\n org.openqa.selenium.remote.RemoteWebDriver.findElement(RemoteWebDriver.java:352)\r\n org.openqa.selenium.remote.RemoteWebDriver.findElement(RemoteWebDriver.java:344)\r\n com.shaft.gui.element.internal.ElementActionsHelper.lambda$waitForElementPresence$0(ElementActionsHelper.java:170)\r\n org.openqa.selenium.support.ui.FluentWait.until(FluentWait.java:208)\r\n com.shaft.gui.element.internal.ElementActionsHelper.waitForElementPresence(ElementActionsHelper.java:158)\r\n com.shaft.gui.element.internal.ElementActionsHelper.getMatchingElementsInformation(ElementActionsHelper.java:826)\r\n com.shaft.gui.element.internal.ElementActionsHelper.identifyUniqueElement(ElementActionsHelper.java:789)\r\n com.shaft.gui.element.internal.ElementActionsHelper.performActionAgainstUniqueElementIgnoringVisibility(ElementActionsHelper.java:776)\r\n com.shaft.gui.element.internal.FluentElementActions.click(FluentElementActions.java:176)\r\n SteeringCompanyPortal.AddNewCreationalPeriod.AddSteeringCreationalPeriodProgramSetting(AddNewCreationalPeriod.java:204)\r\n SteeringCompanyPortal.AddNewCreationalPeriod.TestAddNewCreationalPeriod(AddNewCreationalPeriod.java:261)\r\n java.base/jdk.internal.reflect.NativeMethodAccessorImpl.invoke0(Native Method)\r\n java.base/jdk.internal.reflect.NativeMethodAccessorImpl.invoke(NativeMethodAccessorImpl.java:77)\r\n java.base/jdk.internal.reflect.DelegatingMethodAccessorImpl.invoke(DelegatingMethodAccessorImpl.java:43)\r\n java.base/java.lang.reflect.Method.invoke(Method.java:568)\r\n org.testng.internal.invokers.MethodInvocationHelper.invokeMethod(MethodInvocationHelper.java:139)\r\n org.testng.internal.invokers.TestInvoker.invokeMethod(TestInvoker.java:664)\r\n org.testng.internal.invokers.TestInvoker.invokeTestMethod(TestInvoker.java:227)\r\n org.testng.internal.invokers.MethodRunner.runInSequence(MethodRunner.java:50)\r\n org.testng.internal.invokers.TestInvoker$MethodInvocationAgent.invoke(TestInvoker.java:957)\r\n org.testng.internal.invokers.TestInvoker.invokeTestMethods(TestInvoker.java:200)\r\n org.testng.internal.invokers.TestMethodWorker.invokeTestMethods(TestMethodWorker.java:148)\r\n org.testng.internal.invokers.TestMethodWorker.run(TestMethodWorker.java:128)\r\n java.base/java.util.ArrayList.forEach(ArrayList.java:1511)\r\n org.testng.TestRunner.privateRun(TestRunner.java:848)\r\n org.testng.TestRunner.run(TestRunner.java:621)\r\n org.testng.SuiteRunner.runTest(SuiteRunner.java:443)\r\n org.testng.SuiteRunner.runSequentially(SuiteRunner.java:437)\r\n org.testng.SuiteRunner.privateRun(SuiteRunner.java:397)\r\n org.testng.SuiteRunner.run(SuiteRunner.java:336)\r\n org.testng.SuiteRunnerWorker.runSuite(SuiteRunnerWorker.java:52)\r\n org.testng.SuiteRunnerWorker.run(SuiteRunnerWorker.java:95)\r\n org.testng.TestNG.runSuitesSequentially(TestNG.java:1280)\r\n org.testng.TestNG.runSuitesLocally(TestNG.java:1200)\r\n org.testng.TestNG.runSuites(TestNG.java:1114)\r\n org.testng.TestNG.run(TestNG.java:1082)\r\n com.intellij.rt.testng.IDEARemoteTestNG.run(IDEARemoteTestNG.java:66)\r\n com.intellij.rt.testng.RemoteTestNGStarter.main(RemoteTestNGStarter.java:105)\r\n]]"},{"name":"status","value":"FAIL"}],"start":1687077908416,"stop":1687077908436}],"attachments":[{"name":"Animated Gif - TestAddNewCreationalPeriod","source":"bdc01d1a-a1ad-4be3-88ad-79dac96dc68e-attachment.gif","type":"image/gif"},{"name":"SHAFT Engine Logs - Current Method log: setUp","source":"a98e4567-d0cf-40bb-bbb4-7a13eb7fd26a-attachment.txt","type":"text/plain"},{"name":"SHAFT Engine Logs - Current Method log: TestAddNewCreationalPeriod","source":"cb596227-a92f-44e8-9f6a-aeea3b950869-attachment.txt","type":"text/plain"}],"parameters":[],"start":1687077786455,"stop":1687077908466}